13:11:19: Creating resource group General
13:11:19: Creating resource group Internal
13:11:19: Creating resource group Autodetect
13:11:19: SceneManagerFactory for type 'DefaultSceneManager' registered.
13:11:19: Registering ResourceManager for type Material
13:11:19: Registering ResourceManager for type Mesh
13:11:19: Registering ResourceManager for type Skeleton
13:11:19: MovableObjectFactory for type 'ParticleSystem' registered.
13:11:19: OverlayElementFactory for type Panel registered.
13:11:19: OverlayElementFactory for type BorderPanel registered.
13:11:19: OverlayElementFactory for type TextArea registered.
13:11:19: Registering ResourceManager for type Font
13:11:19: ArchiveFactory for archive type FileSystem registered.
13:11:19: ArchiveFactory for archive type Zip registered.
13:11:19: DDS codec registering
13:11:19: FreeImage version: 3.15.1
13:11:19: This program uses FreeImage, a free, open source image library supporting all common bitmap formats. See http://freeimage.sourceforge.net for details
13:11:19: Supported formats: bmp,ico,jpg,jif,jpeg,jpe,jng,koa,iff,lbm,mng,pbm,pbm,pcd,pcx,pgm,pgm,png,ppm,ppm,ras,tga,targa,tif,tiff,wap,wbmp,wbm,psd,cut,xbm,xpm,gif,hdr,g3,sgi,exr,j2k,j2c,jp2,pfm,pct,pict,pic,3fr,arw,bay,bmq,cap,cine,cr2,crw,cs1,dc2,dcr,drf,dsc,dng,erf,fff,ia,iiq,k25,kc2,kdc,mdc,mef,mos,mrw,nef,nrw,orf,pef,ptx,pxn,qtk,raf,raw,rdc,rw2,rwl,rwz,sr2,srf,sti
13:11:19: Registering ResourceManager for type HighLevelGpuProgram
13:11:19: Registering ResourceManager for type Compositor
13:11:19: MovableObjectFactory for type 'Entity' registered.
13:11:19: MovableObjectFactory for type 'Light' registered.
13:11:19: MovableObjectFactory for type 'BillboardSet' registered.
13:11:19: MovableObjectFactory for type 'ManualObject' registered.
13:11:19: MovableObjectFactory for type 'BillboardChain' registered.
13:11:19: MovableObjectFactory for type 'RibbonTrail' registered.
13:11:19: *-*-* OGRE Initialising
13:11:19: *-*-* Version 1.7.4 (Cthugha)
13:11:19: Loading library /usr/lib/x86_64-linux-gnu/OGRE-1.7.4/RenderSystem_GL
13:11:19: Installing plugin: GL RenderSystem
13:11:19: OpenGL Rendering Subsystem created.
13:11:19: Plugin successfully installed
13:11:19: Loading library /usr/lib/x86_64-linux-gnu/OGRE-1.7.4/Plugin_OctreeSceneManager
13:11:19: Installing plugin: Octree & Terrain Scene Manager
13:11:19: Plugin successfully installed
13:11:19: Loading library /usr/lib/x86_64-linux-gnu/OGRE-1.7.4/Plugin_ParticleFX
13:11:19: Installing plugin: ParticleFX
13:11:19: Particle Emitter Type 'Point' registered
13:11:19: Particle Emitter Type 'Box' registered
13:11:19: Particle Emitter Type 'Ellipsoid' registered
13:11:19: Particle Emitter Type 'Cylinder' registered
13:11:19: Particle Emitter Type 'Ring' registered
13:11:19: Particle Emitter Type 'HollowEllipsoid' registered
13:11:19: Particle Affector Type 'LinearForce' registered
13:11:19: Particle Affector Type 'ColourFader' registered
13:11:19: Particle Affector Type 'ColourFader2' registered
13:11:19: Particle Affector Type 'ColourImage' registered
13:11:19: Particle Affector Type 'ColourInterpolator' registered
13:11:19: Particle Affector Type 'Scaler' registered
13:11:19: Particle Affector Type 'Rotator' registered
13:11:19: Particle Affector Type 'DirectionRandomiser' registered
13:11:19: Particle Affector Type 'DeflectorPlane' registered
13:11:19: Plugin successfully installed
13:11:19: CPU Identifier & Features
13:11:19: -------------------------
13:11:19:  *   CPU ID: GenuineIntel: Intel(R) Core(TM) i7-2670QM CPU @ 2.20GHz
13:11:19:  *      SSE: yes
13:11:19:  *     SSE2: yes
13:11:19:  *     SSE3: yes
13:11:19:  *      MMX: yes
13:11:19:  *   MMXEXT: yes
13:11:19:  *    3DNOW: no
13:11:19:  * 3DNOWEXT: no
13:11:19:  *     CMOV: yes
13:11:19:  *      TSC: yes
13:11:19:  *      FPU: yes
13:11:19:  *      PRO: yes
13:11:19:  *       HT: no
13:11:19: -------------------------
13:11:19: ******************************
*** Starting GLX Subsystem ***
******************************
13:11:19: GLRenderSystem::_createRenderWindow "OgreWindow(0)", 1x1 windowed  miscParams: externalGLControl= macAPI=carbon parentWindowHandle=73400321 
13:11:19: GLXWindow::create used FBConfigID = 107
13:11:19: GL_VERSION = 3.0 Mesa 9.0.3
13:11:19: GL_VENDOR = Intel Open Source Technology Center
13:11:19: GL_RENDERER = Mesa DRI Intel(R) Sandybridge Mobile 
13:11:19: GL_EXTENSIONS = GL_ARB_multisample GL_EXT_abgr GL_EXT_bgra GL_EXT_blend_color GL_EXT_blend_minmax GL_EXT_blend_subtract GL_EXT_copy_texture GL_EXT_polygon_offset GL_EXT_subtexture GL_EXT_texture_object GL_EXT_vertex_array GL_EXT_compiled_vertex_array GL_EXT_texture GL_EXT_texture3D GL_IBM_rasterpos_clip GL_ARB_point_parameters GL_EXT_draw_range_elements GL_EXT_packed_pixels GL_EXT_point_parameters GL_EXT_rescale_normal GL_EXT_separate_specular_color GL_EXT_texture_edge_clamp GL_SGIS_generate_mipmap GL_SGIS_texture_border_clamp GL_SGIS_texture_edge_clamp GL_SGIS_texture_lod GL_ARB_framebuffer_sRGB GL_ARB_multitexture GL_EXT_framebuffer_sRGB GL_IBM_multimode_draw_arrays GL_IBM_texture_mirrored_repeat GL_3DFX_texture_compression_FXT1 GL_ARB_texture_cube_map GL_ARB_texture_env_add GL_ARB_transpose_matrix GL_EXT_blend_func_separate GL_EXT_fog_coord GL_EXT_multi_draw_arrays GL_EXT_secondary_color GL_EXT_texture_env_add GL_EXT_texture_filter_anisotropic GL_EXT_texture_lod_bias GL_INGR_blend_func_separate GL_NV_blend_square GL_NV_light_max_exponent GL_NV_texgen_reflection GL_NV_texture_env_combine4 GL_SUN_multi_draw_arrays GL_ARB_texture_border_clamp GL_ARB_texture_compression GL_EXT_framebuffer_object GL_EXT_texture_env_combine GL_EXT_texture_env_dot3 GL_MESA_window_pos GL_NV_packed_depth_stencil GL_NV_texture_rectangle GL_NV_vertex_program GL_ARB_depth_texture GL_ARB_occlusion_query GL_ARB_shadow GL_ARB_texture_env_combine GL_ARB_texture_env_crossbar GL_ARB_texture_env_dot3 GL_ARB_texture_mirrored_repeat GL_ARB_window_pos GL_ATI_envmap_bumpmap GL_EXT_stencil_two_side GL_EXT_texture_cube_map GL_NV_depth_clamp GL_NV_vertex_program1_1 GL_APPLE_packed_pixels GL_APPLE_vertex_array_object GL_ARB_draw_buffers GL_ARB_fragment_program GL_ARB_fragment_shader GL_ARB_shader_objects GL_ARB_vertex_program GL_ARB_vertex_shader GL_ATI_draw_buffers GL_ATI_texture_env_combine3 GL_ATI_texture_float GL_EXT_shadow_funcs GL_EXT_stencil_wrap GL_MESA_pack_invert GL_MESA_ycbcr_texture GL_NV_primitive_restart GL_ARB_depth_clamp GL_ARB_fragment_program_shadow GL_ARB_half_float_pixel GL_ARB_occlusion_query2 GL_ARB_point_sprite GL_ARB_shading_language_100 GL_ARB_sync GL_ARB_texture_non_power_of_two GL_ARB_vertex_buffer_object GL_ATI_blend_equation_separate GL_EXT_blend_equation_separate GL_OES_read_format GL_ARB_color_buffer_float GL_ARB_pixel_buffer_object GL_ARB_texture_compression_rgtc GL_ARB_texture_float GL_ARB_texture_rectangle GL_EXT_packed_float GL_EXT_pixel_buffer_object GL_EXT_texture_compression_rgtc GL_EXT_texture_rectangle GL_EXT_texture_sRGB GL_EXT_texture_shared_exponent GL_ARB_framebuffer_object GL_EXT_framebuffer_blit GL_EXT_framebuffer_multisample GL_EXT_packed_depth_stencil GL_APPLE_object_purgeable GL_ARB_vertex_array_object GL_ATI_separate_stencil GL_EXT_draw_buffers2 GL_EXT_draw_instanced GL_EXT_gpu_program_parameters GL_EXT_texture_array GL_EXT_texture_integer GL_EXT_texture_sRGB_decode GL_EXT_timer_query GL_OES_EGL_image GL_MESA_texture_array GL_ARB_copy_buffer GL_ARB_depth_buffer_float GL_ARB_draw_instanced GL_ARB_half_float_vertex GL_ARB_instanced_arrays GL_ARB_map_buffer_range GL_ARB_texture_rg GL_ARB_texture_swizzle GL_ARB_vertex_array_bgra GL_EXT_separate_shader_objects GL_EXT_texture_swizzle GL_EXT_vertex_array_bgra GL_NV_conditional_render GL_AMD_draw_buffers_blend GL_ARB_ES2_compatibility GL_ARB_blend_func_extended GL_ARB_debug_output GL_ARB_draw_buffers_blend GL_ARB_draw_elements_base_vertex GL_ARB_explicit_attrib_location GL_ARB_fragment_coord_conventions GL_ARB_provoking_vertex GL_ARB_sampler_objects GL_ARB_seamless_cube_map GL_ARB_shader_texture_lod GL_ARB_texture_rgb10_a2ui GL_ARB_uniform_buffer_object GL_EXT_provoking_vertex GL_EXT_texture_snorm GL_MESA_texture_signed_rgba GL_ARB_robustness GL_ARB_shader_bit_encoding GL_ARB_texture_storage GL_EXT_transform_feedback GL_ARB_invalidate_subdata 
13:11:19: Supported GLX extensions: GLX_ARB_create_context GLX_ARB_create_context_profile GLX_ARB_get_proc_address GLX_ARB_multisample GLX_EXT_import_context GLX_EXT_visual_info GLX_EXT_visual_rating GLX_EXT_create_context_es2_profile GLX_MESA_copy_sub_buffer GLX_MESA_multithread_makecurrent GLX_MESA_swap_control GLX_OML_swap_method GLX_OML_sync_control GLX_SGI_make_current_read GLX_SGI_swap_control GLX_SGI_video_sync GLX_SGIS_multisample GLX_SGIX_fbconfig GLX_SGIX_pbuffer GLX_SGIX_visual_select_group GLX_EXT_texture_from_pixmap GLX_INTEL_swap_event 
13:11:19: ***************************
13:11:19: *** GL Renderer Started ***
13:11:19: ***************************
13:11:19: Registering ResourceManager for type GpuProgram
13:11:19: GLSL support detected
13:11:19: GL: Using GL_EXT_framebuffer_object for rendering to textures (best)
13:11:19: FBO PF_UNKNOWN depth/stencil support: D0S1 D0S4 D0S8 D0S16 D16S0 D24S0 D24S1 D24S4 D24S8 D24S16 D32S0 D32S1 D32S4 D32S8 D32S16 Packed-D24S8 
13:11:19: FBO PF_A8 depth/stencil support: D0S0 D0S1 D0S4 D0S8 D0S16 D16S0 D24S0 D24S1 D24S4 D24S8 D24S16 D32S0 D32S1 D32S4 D32S8 D32S16 Packed-D24S8 
13:11:19: FBO PF_R5G6B5 depth/stencil support: D0S0 D0S1 D0S4 D0S8 D0S16 D16S0 D24S0 D24S1 D24S4 D24S8 D24S16 D32S0 D32S1 D32S4 D32S8 D32S16 Packed-D24S8 
13:11:19: FBO PF_B5G6R5 depth/stencil support: D0S0 D0S1 D0S4 D0S8 D0S16 D16S0 D24S0 D24S1 D24S4 D24S8 D24S16 D32S0 D32S1 D32S4 D32S8 D32S16 Packed-D24S8 
13:11:19: FBO PF_A4R4G4B4 depth/stencil support: D0S0 D0S1 D0S4 D0S8 D0S16 D16S0 D24S0 D24S1 D24S4 D24S8 D24S16 D32S0 D32S1 D32S4 D32S8 D32S16 Packed-D24S8 
13:11:19: FBO PF_A1R5G5B5 depth/stencil support: D0S0 D0S1 D0S4 D0S8 D0S16 D16S0 D24S0 D24S1 D24S4 D24S8 D24S16 D32S0 D32S1 D32S4 D32S8 D32S16 Packed-D24S8 
13:11:19: FBO PF_R8G8B8 depth/stencil support: D0S0 D0S1 D0S4 D0S8 D0S16 D16S0 D24S0 D24S1 D24S4 D24S8 D24S16 D32S0 D32S1 D32S4 D32S8 D32S16 Packed-D24S8 
13:11:19: FBO PF_B8G8R8 depth/stencil support: D0S0 D0S1 D0S4 D0S8 D0S16 D16S0 D24S0 D24S1 D24S4 D24S8 D24S16 D32S0 D32S1 D32S4 D32S8 D32S16 Packed-D24S8 
13:11:19: FBO PF_A8R8G8B8 depth/stencil support: D0S0 D0S1 D0S4 D0S8 D0S16 D16S0 D24S0 D24S1 D24S4 D24S8 D24S16 D32S0 D32S1 D32S4 D32S8 D32S16 Packed-D24S8 
13:11:19: FBO PF_B8G8R8A8 depth/stencil support: D0S0 D0S1 D0S4 D0S8 D0S16 D16S0 D24S0 D24S1 D24S4 D24S8 D24S16 D32S0 D32S1 D32S4 D32S8 D32S16 Packed-D24S8 
13:11:19: FBO PF_A2R10G10B10 depth/stencil support: D0S0 D0S1 D0S4 D0S8 D0S16 D16S0 D24S0 D24S1 D24S4 D24S8 D24S16 D32S0 D32S1 D32S4 D32S8 D32S16 Packed-D24S8 
13:11:19: FBO PF_A2B10G10R10 depth/stencil support: D0S0 D0S1 D0S4 D0S8 D0S16 D16S0 D24S0 D24S1 D24S4 D24S8 D24S16 D32S0 D32S1 D32S4 D32S8 D32S16 Packed-D24S8 
13:11:19: FBO PF_FLOAT16_RGB depth/stencil support: D0S0 D0S1 D0S4 D0S8 D0S16 D16S0 D24S0 D24S1 D24S4 D24S8 D24S16 D32S0 D32S1 D32S4 D32S8 D32S16 Packed-D24S8 
13:11:19: FBO PF_FLOAT16_RGBA depth/stencil support: D0S0 D0S1 D0S4 D0S8 D0S16 D16S0 D24S0 D24S1 D24S4 D24S8 D24S16 D32S0 D32S1 D32S4 D32S8 D32S16 Packed-D24S8 
13:11:19: FBO PF_FLOAT32_RGB depth/stencil support: D0S0 D0S1 D0S4 D0S8 D0S16 D16S0 D24S0 D24S1 D24S4 D24S8 D24S16 D32S0 D32S1 D32S4 D32S8 D32S16 Packed-D24S8 
13:11:19: FBO PF_FLOAT32_RGBA depth/stencil support: D0S0 D0S1 D0S4 D0S8 D0S16 D16S0 D24S0 D24S1 D24S4 D24S8 D24S16 D32S0 D32S1 D32S4 D32S8 D32S16 Packed-D24S8 
13:11:19: FBO PF_X8R8G8B8 depth/stencil support: D0S0 D0S1 D0S4 D0S8 D0S16 D16S0 D24S0 D24S1 D24S4 D24S8 D24S16 D32S0 D32S1 D32S4 D32S8 D32S16 Packed-D24S8 
13:11:19: FBO PF_X8B8G8R8 depth/stencil support: D0S0 D0S1 D0S4 D0S8 D0S16 D16S0 D24S0 D24S1 D24S4 D24S8 D24S16 D32S0 D32S1 D32S4 D32S8 D32S16 Packed-D24S8 
13:11:19: FBO PF_SHORT_RGBA depth/stencil support: D0S0 D0S1 D0S4 D0S8 D0S16 D16S0 D24S0 D24S1 D24S4 D24S8 D24S16 D32S0 D32S1 D32S4 D32S8 D32S16 Packed-D24S8 
13:11:19: FBO PF_R3G3B2 depth/stencil support: D0S0 D0S1 D0S4 D0S8 D0S16 D16S0 D24S0 D24S1 D24S4 D24S8 D24S16 D32S0 D32S1 D32S4 D32S8 D32S16 Packed-D24S8 
13:11:19: FBO PF_FLOAT16_R depth/stencil support: D0S0 D0S1 D0S4 D0S8 D0S16 D16S0 D24S0 D24S1 D24S4 D24S8 D24S16 D32S0 D32S1 D32S4 D32S8 D32S16 Packed-D24S8 
13:11:19: FBO PF_FLOAT32_R depth/stencil support: D0S0 D0S1 D0S4 D0S8 D0S16 D16S0 D24S0 D24S1 D24S4 D24S8 D24S16 D32S0 D32S1 D32S4 D32S8 D32S16 Packed-D24S8 
13:11:19: FBO PF_SHORT_RGB depth/stencil support: D0S0 D0S1 D0S4 D0S8 D0S16 D16S0 D24S0 D24S1 D24S4 D24S8 D24S16 D32S0 D32S1 D32S4 D32S8 D32S16 Packed-D24S8 
13:11:19: [GL] : Valid FBO targets PF_UNKNOWN PF_A8 PF_R5G6B5 PF_B5G6R5 PF_A4R4G4B4 PF_A1R5G5B5 PF_R8G8B8 PF_B8G8R8 PF_A8R8G8B8 PF_B8G8R8A8 PF_A2R10G10B10 PF_A2B10G10R10 PF_FLOAT16_RGB PF_FLOAT16_RGBA PF_FLOAT32_RGB PF_FLOAT32_RGBA PF_X8R8G8B8 PF_X8B8G8R8 PF_SHORT_RGBA PF_R3G3B2 PF_FLOAT16_R PF_FLOAT32_R PF_SHORT_RGB 
13:11:19: RenderSystem capabilities
13:11:19: -------------------------
13:11:19: RenderSystem Name: OpenGL Rendering Subsystem
13:11:19: GPU Vendor: intel
13:11:19: Device Name: Mesa DRI Intel(R) Sandybridge Mobile 
13:11:19: Driver Version: 3.0.0.0
13:11:19:  * Fixed function pipeline: yes
13:11:19:  * Hardware generation of mipmaps: no
13:11:19:  * Texture blending: yes
13:11:19:  * Anisotropic texture filtering: yes
13:11:19:  * Dot product texture operation: yes
13:11:19:  * Cube mapping: yes
13:11:19:  * Hardware stencil buffer: yes
13:11:19:    - Stencil depth: 8
13:11:19:    - Two sided stencil support: yes
13:11:19:    - Wrap stencil values: yes
13:11:19:  * Hardware vertex / index buffers: yes
13:11:19:  * Vertex programs: yes
13:11:19:  * Number of floating-point constants for vertex programs: 4096
13:11:19:  * Number of integer constants for vertex programs: 0
13:11:19:  * Number of boolean constants for vertex programs: 0
13:11:19:  * Fragment programs: yes
13:11:19:  * Number of floating-point constants for fragment programs: 4096
13:11:19:  * Number of integer constants for fragment programs: 0
13:11:19:  * Number of boolean constants for fragment programs: 0
13:11:19:  * Geometry programs: no
13:11:19:  * Number of floating-point constants for geometry programs: 0
13:11:19:  * Number of integer constants for geometry programs: 0
13:11:19:  * Number of boolean constants for geometry programs: 0
13:11:19:  * Supported Shader Profiles: arbfp1 arbvp1 glsl
13:11:19:  * Texture Compression: yes
13:11:19:    - DXT: no
13:11:19:    - VTC: no
13:11:19:    - PVRTC: no
13:11:19:  * Scissor Rectangle: yes
13:11:19:  * Hardware Occlusion Query: yes
13:11:19:  * User clip planes: yes
13:11:19:  * VET_UBYTE4 vertex element type: yes
13:11:19:  * Infinite far plane projection: yes
13:11:19:  * Hardware render-to-texture: yes
13:11:19:  * Floating point textures: yes
13:11:19:  * Non-power-of-two textures: yes
13:11:19:  * Volume textures: yes
13:11:19:  * Multiple Render Targets: 8
13:11:19:    - With different bit depths: yes
13:11:19:  * Point Sprites: yes
13:11:19:  * Extended point parameters: yes
13:11:19:  * Max Point Size: 255
13:11:19:  * Vertex texture fetch: yes
13:11:19:  * Number of world matrices: 0
13:11:19:  * Number of texture units: 16
13:11:19:  * Stencil buffer depth: 8
13:11:19:  * Number of vertex blend matrices: 0
13:11:19:    - Max vertex textures: 16
13:11:19:    - Vertex textures shared: yes
13:11:19:  * Render to Vertex Buffer : no
13:11:19:  * GL 1.5 without VBO workaround: no
13:11:19:  * Frame Buffer objects: yes
13:11:19:  * Frame Buffer objects (ARB extension): no
13:11:19:  * Frame Buffer objects (ATI extension): no
13:11:19:  * PBuffer support: yes
13:11:19:  * GL 1.5 without HW-occlusion workaround: no
13:11:19: Registering ResourceManager for type Texture
13:11:19: DefaultWorkQueue('Root') initialising on thread 0x1d5d3e0.
13:11:19: DefaultWorkQueue('Root')::WorkerFunc - thread 0x1bf0f80 starting.
13:11:19: DefaultWorkQueue('Root')::WorkerFunc - thread 0x3e05c70 starting.
13:11:19: DefaultWorkQueue('Root')::WorkerFunc - thread 0x3e1be80 starting.
13:11:19: DefaultWorkQueue('Root')::WorkerFunc - thread 0x3e26930 starting.
13:11:19: DefaultWorkQueue('Root')::WorkerFunc - thread 0x3e26ca0 starting.
13:11:19: DefaultWorkQueue('Root')::WorkerFunc - thread 0x3e276d0 starting.
13:11:19: DefaultWorkQueue('Root')::WorkerFunc - thread 0x3e27360 starting.
13:11:19: DefaultWorkQueue('Root')::WorkerFunc - thread 0x3e27010 starting.
13:11:19: Particle Renderer Type 'billboard' registered
13:11:19: SceneManagerFactory for type 'OctreeSceneManager' registered.
13:11:19: SceneManagerFactory for type 'TerrainSceneManager' registered.
13:11:19: Creating resource group rviz
13:11:19: Added resource location '/opt/ros/hydro/share/rviz/ogre_media' of type 'FileSystem' to resource group 'rviz'
13:11:19: Added resource location '/opt/ros/hydro/share/rviz/ogre_media/textures' of type 'FileSystem' to resource group 'rviz'
13:11:19: Added resource location '/opt/ros/hydro/share/rviz/ogre_media/fonts' of type 'FileSystem' to resource group 'rviz'
13:11:19: Added resource location '/opt/ros/hydro/share/rviz/ogre_media/models' of type 'FileSystem' to resource group 'rviz'
13:11:19: Added resource location '/opt/ros/hydro/share/rviz/ogre_media/materials' of type 'FileSystem' to resource group 'rviz'
13:11:19: Added resource location '/opt/ros/hydro/share/rviz/ogre_media/materials/scripts' of type 'FileSystem' to resource group 'rviz'
13:11:19: Added resource location '/opt/ros/hydro/share/rviz/ogre_media/materials/glsl120' of type 'FileSystem' to resource group 'rviz'
13:11:19: Added resource location '/opt/ros/hydro/share/rviz/ogre_media/materials/glsl120/nogp' of type 'FileSystem' to resource group 'rviz'
13:11:19: Added resource location '/opt/ros/hydro/share/rviz/ogre_media/materials/scripts120' of type 'FileSystem' to resource group 'rviz'
13:11:19: Parsing scripts for resource group Autodetect
13:11:19: Finished parsing scripts for resource group Autodetect
13:11:19: Parsing scripts for resource group General
13:11:19: Finished parsing scripts for resource group General
13:11:19: Parsing scripts for resource group Internal
13:11:19: Finished parsing scripts for resource group Internal
13:11:19: Parsing scripts for resource group rviz
13:11:19: Parsing script glsl120.program
13:11:19: GLSL compiled : rviz/glsl120/include/pack_depth.frag
13:11:19: GLSL compiled : rviz/glsl120/include/circle_impl.frag
13:11:19: GLSL compiled : rviz/glsl120/depth_circle.frag
13:11:19: GLSL compiled : rviz/glsl120/include/pack_depth.frag
13:11:19: GLSL compiled : rviz/glsl120/depth.frag
13:11:19: GLSL compiled : rviz/glsl120/include/pass_depth.vert
13:11:19: GLSL compiled : rviz/glsl120/depth.vert
13:11:19: GLSL compiled : rviz/glsl120/flat_color.frag
13:11:19: GLSL compiled : rviz/glsl120/include/circle_impl.frag
13:11:19: GLSL compiled : rviz/glsl120/flat_color_circle.frag
13:11:19: GLSL compiled : rviz/glsl120/indexed_8bit_image.frag
13:11:19: GLSL compiled : rviz/glsl120/include/circle_impl.frag
13:11:19: GLSL compiled : rviz/glsl120/include/circle_impl.frag
13:11:19: GLSL compiled : rviz/glsl120/pickcolor_circle.frag
13:11:19: GLSL compiled : rviz/glsl120/pickcolor.frag
13:11:19: GLSL compiled : rviz/glsl120/point.vert
13:11:19: GLSL compiled : rviz/glsl120/include/pass_depth.vert
13:11:19: GLSL compiled : rviz/glsl120/point.vert(with_depth)
13:11:19: GLSL compiled : rviz/glsl120/shaded_circle.frag
13:11:19: GLSL compiled : rviz/glsl120/smooth_square.frag
13:11:19: Parsing script nogp.program
13:11:19: GLSL compiled : rviz/glsl120/nogp/billboard_tile.vert
13:11:19: GLSL compiled : rviz/glsl120/include/pass_depth.vert
13:11:19: GLSL compiled : rviz/glsl120/nogp/billboard_tile.vert(with_depth)
13:11:19: GLSL compiled : rviz/glsl120/nogp/billboard.vert
13:11:19: GLSL compiled : rviz/glsl120/include/pass_depth.vert
13:11:19: GLSL compiled : rviz/glsl120/nogp/billboard.vert(with_depth)
13:11:19: GLSL compiled : rviz/glsl120/nogp/box.vert
13:11:19: GLSL compiled : rviz/glsl120/include/pass_depth.vert
13:11:19: GLSL compiled : rviz/glsl120/nogp/box.vert(with_depth)
13:11:19: GLSL compiled : rviz/glsl120/nogp/box.frag
13:11:19: Parsing script point_cloud_point.material
13:11:19: GLSL compiled : rviz/glsl120/pass_color_circle.frag
13:11:19: Parsing script default_pick_and_depth.material
13:11:19: GLSL compiled : rviz/glsl120/black.frag
13:11:19: Parsing script point_cloud_tile.material
13:11:19: GLSL compiled : rviz/glsl120/pass_color.frag
13:11:19: Parsing script indexed_8bit_image.material
13:11:19: GLSL compiled : rviz/glsl120/indexed_8bit_image.vert
13:11:19: Parsing script point_cloud_sphere.material
13:11:19: Parsing script point_cloud_square.material
13:11:19: Parsing script point_cloud_box.material
13:11:19: Parsing script point_cloud_flat_square.material
13:11:19: Parsing script arial.fontdef
13:11:19: Finished parsing scripts for resource group rviz
13:11:19: GLRenderSystem::_createRenderWindow "OgreWindow(1)", 100x30 windowed  miscParams: externalGLControl= macAPI=carbon parentWindowHandle=62914620 
13:11:19: GLXWindow::create used FBConfigID = 107
13:11:20: Mesh: Loading rviz_sphere.mesh.
13:11:20: Texture: SelectionRect0Texture: Loading 1 faces(PF_R8G8B8A8,1x1x1) with 0 generated mipmaps from Image. Internal format is PF_A8R8G8B8,1x1x1.
13:11:20: Mesh: Loading rviz_cylinder.mesh.
13:11:20: Mesh: Loading rviz_cone.mesh.
13:11:21: Mesh: Loading rviz_cube.mesh.
13:11:21: Material package://doro_description/meshes/doro_body_lr.daeMaterial0 was requested with isManual=true, but this is not applicable for materials; the flag has been reset to false
13:11:21: Material package://doro_description/meshes/head_cover.daeMaterial0 was requested with isManual=true, but this is not applicable for materials; the flag has been reset to false
13:11:23: GLSL link result : 
13:11:46: GLSL link result : 
13:11:46: GLSL link result : 
